<?xml version="1.0" encoding="utf-8"?><testsuites name="pytest tests"><testsuite name="pytest" errors="0" failures="1" skipped="0" tests="8" time="0.639" timestamp="2026-04-20T02:33:07.860317+00:00" hostname="agent-env-32faaa76-d65b-4b9d-b26f-2064f92e5178"><testcase classname="backend.tests.test_vibe_protect.TestBasics" name="test_root" time="0.129" /><testcase classname="backend.tests.test_vibe_protect.TestBasics" name="test_patterns" time="0.047" /><testcase classname="backend.tests.test_vibe_protect.TestRedact" name="test_redact_openai_and_github" time="0.048" /><testcase classname="backend.tests.test_vibe_protect.TestRedact" name="test_redact_plain" time="0.056" /><testcase classname="backend.tests.test_vibe_protect.TestRedact" name="test_redact_env_blob" time="0.050"><failure message="AssertionError: Missing pattern types: {'anthropic_api_key'}&#10;assert not {'anthropic_api_key'}">E   AssertionError: Missing pattern types: {'anthropic_api_key'}
    assert not {'anthropic_api_key'}</failure></testcase><testcase classname="backend.tests.test_vibe_protect.TestTrackStatsFeed" name="test_track_returns_ok" time="0.049" /><testcase classname="backend.tests.test_vibe_protect.TestTrackStatsFeed" name="test_stats_shape_and_growth" time="0.145" /><testcase classname="backend.tests.test_vibe_protect.TestTrackStatsFeed" name="test_feed_shape" time="0.050" /></testsuite></testsuites>